nohup: 忽略输入
[MAPPOTrainer] device=cuda
[MAPPOTrainer] tensorboard=runs/mappo_normdpm
epoch=0 phase=dense reward=-662.897 actor_loss=-0.038964 critic_loss=2056.591629 search=1.000 coverage=0.983 collisions=78.0
epoch=0 metrics={'search_rate': 0.9800000000000001, 'coverage_rate': 0.9870000000000001, 'collisions': 228.0, 'avg_reward': -953.815511204908, 'error_rate': 0.48278110884099734}
epoch=1 phase=dense reward=-729.642 actor_loss=-0.030796 critic_loss=2612.527603 search=1.000 coverage=0.985 collisions=97.0
epoch=2 phase=dense reward=-767.938 actor_loss=-0.030706 critic_loss=2878.082932 search=1.000 coverage=1.000 collisions=113.0
epoch=3 phase=dense reward=-822.622 actor_loss=-0.028408 critic_loss=2881.866867 search=1.000 coverage=1.000 collisions=131.0
epoch=4 phase=dense reward=-668.567 actor_loss=-0.032299 critic_loss=1837.953224 search=1.000 coverage=1.000 collisions=90.0
epoch=5 phase=dense reward=-719.888 actor_loss=-0.030291 critic_loss=2054.849266 search=1.000 coverage=0.998 collisions=93.0
epoch=6 phase=dense reward=-716.548 actor_loss=-0.030237 critic_loss=2188.361343 search=1.000 coverage=1.000 collisions=91.0
epoch=7 phase=dense reward=-772.626 actor_loss=-0.029992 critic_loss=2561.089798 search=1.000 coverage=0.995 collisions=106.0
epoch=8 phase=dense reward=-657.618 actor_loss=-0.026964 critic_loss=2022.534431 search=1.000 coverage=1.000 collisions=95.0
epoch=9 phase=dense reward=-500.026 actor_loss=-0.034799 critic_loss=909.984184 search=1.000 coverage=1.000 collisions=51.0
epoch=10 phase=dense reward=-680.865 actor_loss=-0.026260 critic_loss=1772.596367 search=1.000 coverage=1.000 collisions=96.0
epoch=11 phase=dense reward=-636.765 actor_loss=-0.031327 critic_loss=1494.897858 search=1.000 coverage=1.000 collisions=85.0
epoch=12 phase=dense reward=-745.440 actor_loss=-0.024718 critic_loss=2043.767426 search=1.000 coverage=0.998 collisions=109.0
epoch=13 phase=dense reward=-744.639 actor_loss=-0.022762 critic_loss=2550.639877 search=1.000 coverage=0.998 collisions=109.0
epoch=14 phase=dense reward=-438.116 actor_loss=-0.023788 critic_loss=745.792603 search=1.000 coverage=0.998 collisions=58.0
epoch=15 phase=dense reward=-524.006 actor_loss=-0.047798 critic_loss=991.298995 search=1.000 coverage=0.985 collisions=93.0
epoch=16 phase=dense reward=-693.039 actor_loss=-0.016004 critic_loss=1703.112755 search=1.000 coverage=1.000 collisions=105.0
epoch=17 phase=dense reward=-446.383 actor_loss=-0.027612 critic_loss=473.583799 search=1.000 coverage=1.000 collisions=61.0
epoch=18 phase=dense reward=-543.411 actor_loss=-0.017952 critic_loss=814.951447 search=1.000 coverage=1.000 collisions=87.0
epoch=19 phase=dense reward=-560.095 actor_loss=-0.016354 critic_loss=704.681721 search=1.000 coverage=1.000 collisions=83.0
epoch=20 phase=dense reward=-842.347 actor_loss=-0.018936 critic_loss=2123.814026 search=1.000 coverage=0.968 collisions=201.0
epoch=21 phase=dense reward=-611.981 actor_loss=-0.019297 critic_loss=671.584135 search=1.000 coverage=1.000 collisions=95.0
epoch=22 phase=dense reward=-522.554 actor_loss=-0.014817 critic_loss=346.506247 search=1.000 coverage=0.973 collisions=83.0
epoch=23 phase=dense reward=-576.771 actor_loss=-0.018008 critic_loss=401.930387 search=1.000 coverage=1.000 collisions=144.0
epoch=24 phase=dense reward=-572.220 actor_loss=-0.017534 critic_loss=426.489149 search=1.000 coverage=1.000 collisions=95.0
epoch=25 phase=dense reward=-540.301 actor_loss=-0.020626 critic_loss=411.887835 search=1.000 coverage=1.000 collisions=86.0
epoch=26 phase=dense reward=-531.756 actor_loss=-0.017228 critic_loss=189.606916 search=1.000 coverage=1.000 collisions=100.0
epoch=27 phase=dense reward=-528.213 actor_loss=-0.018037 critic_loss=311.211266 search=1.000 coverage=1.000 collisions=89.0
epoch=28 phase=dense reward=-545.621 actor_loss=-0.019364 critic_loss=183.046409 search=1.000 coverage=0.978 collisions=84.0
epoch=29 phase=dense reward=-554.425 actor_loss=-0.013311 critic_loss=210.034435 search=1.000 coverage=1.000 collisions=102.0
epoch=30 phase=dense reward=-657.970 actor_loss=-0.022068 critic_loss=314.550014 search=1.000 coverage=1.000 collisions=106.0
epoch=31 phase=dense reward=-682.127 actor_loss=-0.015569 critic_loss=430.316347 search=1.000 coverage=1.000 collisions=154.0
epoch=32 phase=dense reward=-574.916 actor_loss=-0.017558 critic_loss=299.434493 search=1.000 coverage=0.998 collisions=89.0
epoch=33 phase=dense reward=-518.238 actor_loss=-0.017559 critic_loss=254.247505 search=1.000 coverage=1.000 collisions=81.0
epoch=34 phase=dense reward=-490.943 actor_loss=-0.029411 critic_loss=199.054972 search=1.000 coverage=0.975 collisions=93.0
epoch=35 phase=dense reward=-470.784 actor_loss=-0.010853 critic_loss=129.153642 search=1.000 coverage=1.000 collisions=81.0
epoch=36 phase=dense reward=-487.687 actor_loss=-0.019360 critic_loss=80.682227 search=1.000 coverage=1.000 collisions=70.0
epoch=37 phase=dense reward=-499.563 actor_loss=-0.014794 critic_loss=114.375467 search=1.000 coverage=1.000 collisions=95.0
epoch=38 phase=dense reward=-598.683 actor_loss=-0.021774 critic_loss=171.541447 search=1.000 coverage=1.000 collisions=102.0
epoch=39 phase=dense reward=-648.315 actor_loss=-0.025504 critic_loss=469.515182 search=1.000 coverage=1.000 collisions=124.0
epoch=40 phase=dense reward=-554.623 actor_loss=-0.014605 critic_loss=100.196640 search=1.000 coverage=1.000 collisions=110.0
epoch=41 phase=dense reward=-540.261 actor_loss=-0.009656 critic_loss=124.487205 search=1.000 coverage=1.000 collisions=91.0
epoch=42 phase=dense reward=-581.236 actor_loss=-0.016941 critic_loss=143.702422 search=1.000 coverage=1.000 collisions=93.0
epoch=43 phase=dense reward=-475.250 actor_loss=-0.014027 critic_loss=124.626067 search=0.900 coverage=0.960 collisions=95.0
epoch=44 phase=dense reward=-538.741 actor_loss=-0.018097 critic_loss=79.623929 search=1.000 coverage=0.998 collisions=92.0
epoch=45 phase=dense reward=-425.397 actor_loss=-0.022300 critic_loss=86.118557 search=1.000 coverage=1.000 collisions=75.0
epoch=46 phase=dense reward=-810.248 actor_loss=-0.027872 critic_loss=436.093883 search=1.000 coverage=0.985 collisions=164.0
epoch=47 phase=dense reward=-415.642 actor_loss=-0.022687 critic_loss=117.532699 search=0.900 coverage=0.995 collisions=64.0
epoch=48 phase=dense reward=-499.858 actor_loss=-0.022499 critic_loss=155.480573 search=1.000 coverage=0.993 collisions=77.0
epoch=49 phase=dense reward=-489.167 actor_loss=-0.028043 critic_loss=64.303232 search=1.000 coverage=0.990 collisions=79.0
epoch=50 phase=dense reward=-610.882 actor_loss=-0.015068 critic_loss=260.333796 search=1.000 coverage=1.000 collisions=107.0
epoch=50 metrics={'search_rate': 0.96, 'coverage_rate': 0.8300000000000001, 'collisions': 141.2, 'avg_reward': -552.259402211922, 'error_rate': 0.46478986933245947}
epoch=51 phase=dense reward=-424.556 actor_loss=-0.021519 critic_loss=96.536393 search=1.000 coverage=1.000 collisions=63.0
epoch=52 phase=dense reward=-515.822 actor_loss=-0.012420 critic_loss=141.506065 search=1.000 coverage=0.985 collisions=90.0
epoch=53 phase=dense reward=-528.576 actor_loss=-0.017848 critic_loss=132.201015 search=1.000 coverage=0.968 collisions=88.0
epoch=54 phase=dense reward=-511.274 actor_loss=-0.014199 critic_loss=178.258801 search=1.000 coverage=1.000 collisions=85.0
epoch=55 phase=dense reward=-560.728 actor_loss=-0.043541 critic_loss=179.081953 search=1.000 coverage=0.993 collisions=98.0
epoch=56 phase=dense reward=-598.496 actor_loss=-0.016739 critic_loss=236.747504 search=1.000 coverage=1.000 collisions=121.0
epoch=57 phase=dense reward=-478.003 actor_loss=-0.020248 critic_loss=53.988485 search=1.000 coverage=1.000 collisions=85.0
epoch=58 phase=dense reward=-368.706 actor_loss=-0.013595 critic_loss=232.147975 search=0.900 coverage=0.998 collisions=70.0
epoch=59 phase=dense reward=-374.964 actor_loss=-0.027335 critic_loss=138.390469 search=1.000 coverage=0.865 collisions=57.0
epoch=60 phase=dense reward=-530.104 actor_loss=-0.017052 critic_loss=148.568595 search=1.000 coverage=1.000 collisions=94.0
epoch=61 phase=dense reward=-622.406 actor_loss=-0.033929 critic_loss=216.479336 search=1.000 coverage=1.000 collisions=100.0
epoch=62 phase=dense reward=-590.568 actor_loss=-0.012137 critic_loss=91.004383 search=1.000 coverage=0.968 collisions=101.0
epoch=63 phase=dense reward=-520.598 actor_loss=-0.017037 critic_loss=107.480019 search=1.000 coverage=1.000 collisions=84.0
epoch=64 phase=dense reward=-662.274 actor_loss=-0.014259 critic_loss=132.136690 search=1.000 coverage=1.000 collisions=103.0
epoch=65 phase=dense reward=-522.294 actor_loss=-0.009853 critic_loss=86.385399 search=1.000 coverage=0.980 collisions=115.0
epoch=66 phase=dense reward=-444.632 actor_loss=-0.013774 critic_loss=110.373750 search=1.000 coverage=0.988 collisions=66.0
epoch=67 phase=dense reward=-585.455 actor_loss=-0.014826 critic_loss=95.892152 search=1.000 coverage=0.985 collisions=132.0
epoch=68 phase=dense reward=-538.281 actor_loss=-0.010017 critic_loss=158.390363 search=1.000 coverage=0.990 collisions=102.0
epoch=69 phase=dense reward=-568.869 actor_loss=-0.015201 critic_loss=91.371778 search=1.000 coverage=1.000 collisions=110.0
