nohup: 忽略输入
[MAPPOTrainer] device=cuda
[MAPPOTrainer] tensorboard=runs/mappo_normdpm
epoch=0 phase=dense reward=-662.897 actor_loss=-0.038964 critic_loss=2056.591629 search=1.000 coverage=0.983 collisions=78.0
epoch=0 metrics={'search_rate': 0.9800000000000001, 'coverage_rate': 0.9870000000000001, 'collisions': 228.0, 'avg_reward': -953.815511204908, 'error_rate': 0.48278110884099734}
epoch=1 phase=dense reward=-729.642 actor_loss=-0.030796 critic_loss=2612.527603 search=1.000 coverage=0.985 collisions=97.0
epoch=2 phase=dense reward=-767.938 actor_loss=-0.030706 critic_loss=2878.082932 search=1.000 coverage=1.000 collisions=113.0
epoch=3 phase=dense reward=-822.622 actor_loss=-0.028403 critic_loss=2881.866867 search=1.000 coverage=1.000 collisions=131.0
epoch=4 phase=dense reward=-668.567 actor_loss=-0.032169 critic_loss=1837.953224 search=1.000 coverage=1.000 collisions=90.0
epoch=5 phase=dense reward=-671.888 actor_loss=-0.033151 critic_loss=1870.182068 search=1.000 coverage=0.998 collisions=84.0
epoch=6 phase=dense reward=-876.960 actor_loss=-0.028986 critic_loss=3083.843185 search=1.000 coverage=0.990 collisions=122.0
epoch=7 phase=dense reward=-829.983 actor_loss=-0.029500 critic_loss=2632.350403 search=1.000 coverage=1.000 collisions=109.0
epoch=8 phase=dense reward=-821.968 actor_loss=-0.027690 critic_loss=3045.453018 search=1.000 coverage=0.995 collisions=140.0
epoch=9 phase=dense reward=-574.334 actor_loss=-0.025641 critic_loss=1371.523552 search=1.000 coverage=0.985 collisions=63.0
epoch=10 phase=dense reward=-920.440 actor_loss=-0.033889 critic_loss=3178.082230 search=1.000 coverage=0.998 collisions=129.0
epoch=11 phase=dense reward=-912.445 actor_loss=-0.027941 critic_loss=3079.085785 search=1.000 coverage=1.000 collisions=141.0
epoch=12 phase=dense reward=-758.659 actor_loss=-0.026597 critic_loss=2203.628838 search=1.000 coverage=0.985 collisions=150.0
epoch=13 phase=dense reward=-678.605 actor_loss=-0.022693 critic_loss=1928.197449 search=1.000 coverage=0.998 collisions=94.0
epoch=14 phase=dense reward=-730.304 actor_loss=-0.023336 critic_loss=2021.637154 search=1.000 coverage=0.998 collisions=120.0
epoch=15 phase=dense reward=-566.598 actor_loss=-0.024469 critic_loss=1103.661091 search=1.000 coverage=1.000 collisions=95.0
epoch=16 phase=dense reward=-852.688 actor_loss=-0.019179 critic_loss=3147.358353 search=1.000 coverage=1.000 collisions=153.0
epoch=17 phase=dense reward=-806.482 actor_loss=-0.017684 critic_loss=2652.346207 search=0.900 coverage=1.000 collisions=133.0
epoch=18 phase=dense reward=-654.601 actor_loss=-0.019271 critic_loss=1402.581192 search=1.000 coverage=1.000 collisions=104.0
epoch=19 phase=dense reward=-476.568 actor_loss=-0.015386 critic_loss=561.892075 search=1.000 coverage=0.995 collisions=82.0
epoch=20 phase=dense reward=-759.889 actor_loss=-0.021661 critic_loss=1456.157616 search=1.000 coverage=0.985 collisions=115.0
epoch=21 phase=dense reward=-790.231 actor_loss=-0.023545 critic_loss=1706.088692 search=1.000 coverage=1.000 collisions=115.0
epoch=22 phase=dense reward=-566.131 actor_loss=-0.022059 critic_loss=812.823711 search=1.000 coverage=0.995 collisions=89.0
epoch=23 phase=dense reward=-735.939 actor_loss=-0.018342 critic_loss=1204.779575 search=1.000 coverage=0.948 collisions=111.0
epoch=24 phase=dense reward=-620.128 actor_loss=-0.016694 critic_loss=699.016771 search=0.900 coverage=0.965 collisions=106.0
epoch=25 phase=dense reward=-1012.229 actor_loss=-0.025152 critic_loss=3028.981140 search=1.000 coverage=0.948 collisions=175.0
epoch=26 phase=dense reward=-1046.597 actor_loss=-0.019174 critic_loss=2713.124308 search=1.000 coverage=1.000 collisions=193.0
epoch=27 phase=dense reward=-683.614 actor_loss=-0.023629 critic_loss=587.034300 search=1.000 coverage=1.000 collisions=97.0
epoch=28 phase=dense reward=-655.862 actor_loss=-0.023169 critic_loss=488.902580 search=1.000 coverage=0.905 collisions=104.0
epoch=29 phase=dense reward=-632.566 actor_loss=-0.020371 critic_loss=454.996326 search=1.000 coverage=0.988 collisions=97.0
epoch=30 phase=dense reward=-718.233 actor_loss=-0.020439 critic_loss=357.157365 search=1.000 coverage=0.998 collisions=94.0
epoch=31 phase=dense reward=-764.329 actor_loss=-0.017805 critic_loss=477.573061 search=1.000 coverage=1.000 collisions=121.0
epoch=32 phase=dense reward=-491.546 actor_loss=-0.022641 critic_loss=100.465821 search=0.900 coverage=0.993 collisions=59.0
epoch=33 phase=dense reward=-620.292 actor_loss=-0.022441 critic_loss=220.662699 search=1.000 coverage=0.963 collisions=91.0
epoch=34 phase=dense reward=-775.543 actor_loss=-0.011168 critic_loss=496.555538 search=1.000 coverage=0.917 collisions=129.0
epoch=35 phase=dense reward=-741.567 actor_loss=-0.026892 critic_loss=337.482436 search=0.900 coverage=1.000 collisions=114.0
epoch=36 phase=dense reward=-875.215 actor_loss=-0.020015 critic_loss=404.169947 search=1.000 coverage=0.930 collisions=135.0
epoch=37 phase=dense reward=-614.092 actor_loss=-0.024489 critic_loss=108.742180 search=0.900 coverage=0.968 collisions=121.0
epoch=38 phase=dense reward=-748.370 actor_loss=-0.012188 critic_loss=344.946064 search=1.000 coverage=0.927 collisions=116.0
epoch=39 phase=dense reward=-806.572 actor_loss=-0.025588 critic_loss=479.466451 search=1.000 coverage=0.988 collisions=132.0
epoch=40 phase=dense reward=-637.326 actor_loss=-0.020454 critic_loss=148.527969 search=1.000 coverage=0.980 collisions=91.0
epoch=41 phase=dense reward=-818.292 actor_loss=-0.025406 critic_loss=412.703133 search=1.000 coverage=1.000 collisions=124.0
epoch=42 phase=dense reward=-794.315 actor_loss=-0.022261 critic_loss=233.625659 search=1.000 coverage=1.000 collisions=120.0
epoch=43 phase=dense reward=-578.284 actor_loss=-0.025172 critic_loss=100.186292 search=1.000 coverage=0.985 collisions=85.0
epoch=44 phase=dense reward=-735.461 actor_loss=-0.022587 critic_loss=158.259778 search=1.000 coverage=1.000 collisions=109.0
epoch=45 phase=dense reward=-844.996 actor_loss=-0.022267 critic_loss=404.545391 search=0.900 coverage=0.960 collisions=149.0
epoch=46 phase=dense reward=-639.547 actor_loss=-0.016876 critic_loss=146.717329 search=1.000 coverage=0.958 collisions=111.0
epoch=47 phase=dense reward=-732.833 actor_loss=-0.033923 critic_loss=243.289661 search=1.000 coverage=0.990 collisions=123.0
epoch=48 phase=dense reward=-780.017 actor_loss=-0.025310 critic_loss=100.283087 search=1.000 coverage=0.958 collisions=135.0
epoch=49 phase=dense reward=-616.421 actor_loss=-0.011515 critic_loss=114.401333 search=1.000 coverage=1.000 collisions=113.0
epoch=50 phase=dense reward=-586.743 actor_loss=-0.022780 critic_loss=139.493454 search=1.000 coverage=0.990 collisions=84.0
epoch=50 metrics={'search_rate': 1.0, 'coverage_rate': 0.9884999999999999, 'collisions': 110.4, 'avg_reward': -613.3206240242885, 'error_rate': 0.45780114431865454}
epoch=51 phase=dense reward=-676.715 actor_loss=-0.028434 critic_loss=165.362419 search=1.000 coverage=0.995 collisions=111.0
epoch=52 phase=dense reward=-879.057 actor_loss=-0.025378 critic_loss=626.217607 search=1.000 coverage=0.990 collisions=131.0
epoch=53 phase=dense reward=-651.648 actor_loss=-0.013488 critic_loss=80.386802 search=1.000 coverage=1.000 collisions=96.0
epoch=54 phase=dense reward=-817.866 actor_loss=-0.023337 critic_loss=295.910219 search=1.000 coverage=1.000 collisions=112.0
epoch=55 phase=dense reward=-706.549 actor_loss=-0.030501 critic_loss=119.519364 search=1.000 coverage=1.000 collisions=107.0
epoch=56 phase=dense reward=-952.461 actor_loss=-0.022403 critic_loss=754.545750 search=1.000 coverage=1.000 collisions=151.0
epoch=57 phase=dense reward=-675.466 actor_loss=-0.024976 critic_loss=79.775798 search=1.000 coverage=0.890 collisions=101.0
epoch=58 phase=dense reward=-696.446 actor_loss=-0.024585 critic_loss=146.431531 search=1.000 coverage=1.000 collisions=96.0
epoch=59 phase=dense reward=-620.306 actor_loss=-0.006206 critic_loss=153.495753 search=1.000 coverage=0.968 collisions=99.0
epoch=60 phase=dense reward=-678.125 actor_loss=-0.024172 critic_loss=157.728983 search=1.000 coverage=1.000 collisions=97.0
epoch=61 phase=dense reward=-1110.225 actor_loss=-0.021390 critic_loss=1363.839621 search=1.000 coverage=1.000 collisions=193.0
epoch=62 phase=dense reward=-679.128 actor_loss=0.002969 critic_loss=64.528431 search=1.000 coverage=1.000 collisions=96.0
epoch=63 phase=dense reward=-918.416 actor_loss=-0.025924 critic_loss=579.873652 search=1.000 coverage=0.973 collisions=145.0
epoch=64 phase=dense reward=-663.845 actor_loss=-0.030439 critic_loss=90.705003 search=0.900 coverage=0.990 collisions=83.0
epoch=65 phase=dense reward=-787.006 actor_loss=-0.030112 critic_loss=167.833994 search=1.000 coverage=0.990 collisions=123.0
epoch=66 phase=dense reward=-635.715 actor_loss=-0.031677 critic_loss=218.237323 search=1.000 coverage=0.998 collisions=78.0
epoch=67 phase=dense reward=-721.712 actor_loss=-0.029811 critic_loss=228.046905 search=1.000 coverage=1.000 collisions=93.0
epoch=68 phase=dense reward=-585.886 actor_loss=-0.034565 critic_loss=150.789063 search=1.000 coverage=0.983 collisions=73.0
epoch=69 phase=dense reward=-739.016 actor_loss=-0.021036 critic_loss=110.708211 search=1.000 coverage=0.993 collisions=98.0
epoch=70 phase=dense reward=-622.958 actor_loss=-0.031521 critic_loss=262.540406 search=1.000 coverage=1.000 collisions=100.0
epoch=71 phase=dense reward=-661.998 actor_loss=-0.029253 critic_loss=74.830195 search=1.000 coverage=1.000 collisions=79.0
epoch=72 phase=dense reward=-616.288 actor_loss=-0.024096 critic_loss=429.297947 search=1.000 coverage=1.000 collisions=89.0
epoch=73 phase=dense reward=-574.454 actor_loss=-0.024884 critic_loss=344.305605 search=0.900 coverage=0.993 collisions=82.0
epoch=74 phase=dense reward=-605.959 actor_loss=-0.026361 critic_loss=52.309884 search=1.000 coverage=1.000 collisions=82.0
epoch=75 phase=dense reward=-787.213 actor_loss=-0.024980 critic_loss=246.566759 search=1.000 coverage=1.000 collisions=112.0
epoch=76 phase=dense reward=-674.111 actor_loss=-0.028865 critic_loss=273.159399 search=1.000 coverage=1.000 collisions=99.0
epoch=77 phase=dense reward=-617.764 actor_loss=-0.025086 critic_loss=178.650915 search=1.000 coverage=0.995 collisions=96.0
epoch=78 phase=dense reward=-713.108 actor_loss=-0.027947 critic_loss=98.049193 search=1.000 coverage=1.000 collisions=111.0
epoch=79 phase=dense reward=-747.886 actor_loss=-0.025858 critic_loss=187.609065 search=1.000 coverage=1.000 collisions=101.0
epoch=80 phase=dense reward=-608.351 actor_loss=-0.027294 critic_loss=439.148497 search=1.000 coverage=1.000 collisions=75.0
epoch=81 phase=dense reward=-675.459 actor_loss=-0.017829 critic_loss=131.105578 search=1.000 coverage=1.000 collisions=114.0
epoch=82 phase=dense reward=-699.649 actor_loss=-0.020020 critic_loss=197.145784 search=1.000 coverage=0.998 collisions=101.0
epoch=83 phase=dense reward=-596.295 actor_loss=-0.024488 critic_loss=338.589119 search=1.000 coverage=1.000 collisions=97.0
epoch=84 phase=dense reward=-650.325 actor_loss=-0.023716 critic_loss=126.741294 search=1.000 coverage=0.998 collisions=96.0
epoch=85 phase=dense reward=-490.243 actor_loss=-0.023332 critic_loss=321.564204 search=0.900 coverage=0.990 collisions=73.0
epoch=86 phase=dense reward=-783.805 actor_loss=-0.031706 critic_loss=154.071645 search=1.000 coverage=0.995 collisions=150.0
epoch=87 phase=dense reward=-482.774 actor_loss=-0.025016 critic_loss=434.249153 search=1.000 coverage=1.000 collisions=61.0
epoch=88 phase=dense reward=-609.932 actor_loss=-0.008511 critic_loss=150.120097 search=1.000 coverage=1.000 collisions=94.0
epoch=89 phase=dense reward=-645.946 actor_loss=-0.024933 critic_loss=131.082223 search=1.000 coverage=1.000 collisions=101.0
epoch=90 phase=dense reward=-674.515 actor_loss=-0.027414 critic_loss=247.504201 search=1.000 coverage=1.000 collisions=116.0
epoch=91 phase=dense reward=-709.614 actor_loss=-0.023223 critic_loss=168.696191 search=0.900 coverage=1.000 collisions=122.0
epoch=92 phase=dense reward=-567.549 actor_loss=-0.014108 critic_loss=219.922115 search=1.000 coverage=1.000 collisions=85.0
epoch=93 phase=dense reward=-576.705 actor_loss=-0.023649 critic_loss=202.389883 search=1.000 coverage=0.985 collisions=104.0
epoch=94 phase=dense reward=-598.502 actor_loss=-0.025743 critic_loss=56.825892 search=1.000 coverage=0.927 collisions=105.0
epoch=95 phase=dense reward=-432.891 actor_loss=-0.017753 critic_loss=206.174526 search=1.000 coverage=0.973 collisions=59.0
epoch=96 phase=dense reward=-731.761 actor_loss=-0.023667 critic_loss=349.109836 search=1.000 coverage=0.993 collisions=114.0
epoch=97 phase=dense reward=-542.450 actor_loss=-0.023198 critic_loss=151.009070 search=1.000 coverage=1.000 collisions=88.0
epoch=98 phase=dense reward=-770.495 actor_loss=-0.027507 critic_loss=389.586905 search=1.000 coverage=1.000 collisions=141.0
epoch=99 phase=dense reward=-662.620 actor_loss=-0.023109 critic_loss=140.825736 search=1.000 coverage=0.998 collisions=99.0
epoch=100 phase=dense reward=-952.098 actor_loss=-0.017182 critic_loss=1098.441475 search=1.000 coverage=1.000 collisions=201.0
epoch=100 metrics={'search_rate': 1.0, 'coverage_rate': 0.9945, 'collisions': 131.2, 'avg_reward': -565.646296610263, 'error_rate': 0.46403502133275065}
epoch=101 phase=dense reward=-715.626 actor_loss=-0.024601 critic_loss=118.814078 search=1.000 coverage=1.000 collisions=116.0
epoch=102 phase=dense reward=-830.006 actor_loss=-0.026416 critic_loss=436.408627 search=1.000 coverage=0.968 collisions=166.0
epoch=103 phase=dense reward=-604.488 actor_loss=-0.023935 critic_loss=248.016300 search=1.000 coverage=1.000 collisions=86.0
epoch=104 phase=dense reward=-417.094 actor_loss=-0.028181 critic_loss=423.023968 search=1.000 coverage=0.985 collisions=73.0
epoch=105 phase=dense reward=-791.456 actor_loss=-0.023960 critic_loss=405.788773 search=1.000 coverage=0.990 collisions=133.0
epoch=106 phase=dense reward=-658.681 actor_loss=-0.030111 critic_loss=162.743846 search=1.000 coverage=1.000 collisions=100.0
epoch=107 phase=dense reward=-696.109 actor_loss=-0.023018 critic_loss=156.716281 search=1.000 coverage=1.000 collisions=106.0
epoch=108 phase=dense reward=-550.060 actor_loss=-0.023550 critic_loss=226.400502 search=1.000 coverage=0.995 collisions=83.0
epoch=109 phase=dense reward=-447.619 actor_loss=-0.024556 critic_loss=339.548083 search=0.900 coverage=0.963 collisions=57.0
epoch=110 phase=dense reward=-600.633 actor_loss=-0.020793 critic_loss=154.352702 search=1.000 coverage=1.000 collisions=107.0
epoch=111 phase=dense reward=-481.491 actor_loss=-0.025070 critic_loss=195.187946 search=0.900 coverage=0.978 collisions=108.0
epoch=112 phase=dense reward=-550.451 actor_loss=-0.021397 critic_loss=105.765004 search=1.000 coverage=0.965 collisions=138.0
epoch=113 phase=dense reward=-589.063 actor_loss=-0.023740 critic_loss=77.389655 search=0.900 coverage=0.998 collisions=105.0
epoch=114 phase=dense reward=-522.744 actor_loss=-0.021313 critic_loss=60.729153 search=0.900 coverage=0.917 collisions=89.0
epoch=115 phase=dense reward=-732.507 actor_loss=-0.020402 critic_loss=256.748300 search=0.800 coverage=0.958 collisions=134.0
epoch=116 phase=dense reward=-850.268 actor_loss=-0.024614 critic_loss=571.317432 search=1.000 coverage=0.963 collisions=157.0
epoch=117 phase=dense reward=-542.515 actor_loss=-0.022771 critic_loss=314.685119 search=0.900 coverage=1.000 collisions=106.0
epoch=118 phase=dense reward=-584.311 actor_loss=-0.021665 critic_loss=117.770654 search=1.000 coverage=1.000 collisions=113.0
epoch=119 phase=dense reward=-459.115 actor_loss=-0.022829 critic_loss=171.794647 search=0.900 coverage=1.000 collisions=83.0
epoch=120 phase=dense reward=-475.114 actor_loss=-0.020165 critic_loss=236.726017 search=1.000 coverage=1.000 collisions=135.0
epoch=121 phase=dense reward=-689.211 actor_loss=-0.076831 critic_loss=114.070761 search=1.000 coverage=1.000 collisions=154.0
epoch=122 phase=dense reward=-848.117 actor_loss=-0.014383 critic_loss=487.137714 search=1.000 coverage=0.993 collisions=181.0
epoch=123 phase=dense reward=-769.522 actor_loss=-0.004747 critic_loss=459.052797 search=0.900 coverage=0.892 collisions=155.0
epoch=124 phase=dense reward=-1133.425 actor_loss=-0.019789 critic_loss=1201.956795 search=1.000 coverage=0.970 collisions=207.0
epoch=125 phase=dense reward=-377.069 actor_loss=-0.021070 critic_loss=416.805969 search=1.000 coverage=1.000 collisions=66.0
epoch=126 phase=dense reward=-312.567 actor_loss=-0.018642 critic_loss=412.952381 search=1.000 coverage=0.885 collisions=54.0
epoch=127 phase=dense reward=-666.773 actor_loss=-0.015757 critic_loss=121.522039 search=1.000 coverage=0.995 collisions=141.0
epoch=128 phase=dense reward=-370.963 actor_loss=-0.014521 critic_loss=128.766158 search=1.000 coverage=0.935 collisions=75.0
epoch=129 phase=dense reward=-780.036 actor_loss=-0.016156 critic_loss=415.503025 search=1.000 coverage=0.882 collisions=220.0
epoch=130 phase=dense reward=-786.126 actor_loss=-0.014818 critic_loss=490.397411 search=0.900 coverage=0.968 collisions=142.0
epoch=131 phase=dense reward=-466.169 actor_loss=-0.019172 critic_loss=138.390934 search=1.000 coverage=0.892 collisions=80.0
epoch=132 phase=dense reward=-459.045 actor_loss=-0.009604 critic_loss=234.680292 search=0.900 coverage=0.887 collisions=88.0
epoch=133 phase=dense reward=-811.761 actor_loss=-0.018553 critic_loss=436.778473 search=0.900 coverage=0.912 collisions=155.0
epoch=134 phase=dense reward=-665.995 actor_loss=-0.014011 critic_loss=279.874277 search=0.900 coverage=0.897 collisions=145.0
epoch=135 phase=dense reward=-575.249 actor_loss=-0.017662 critic_loss=70.006602 search=1.000 coverage=1.000 collisions=110.0
epoch=136 phase=dense reward=-628.614 actor_loss=-0.018339 critic_loss=100.264977 search=0.900 coverage=0.930 collisions=113.0
epoch=137 phase=dense reward=-670.467 actor_loss=-0.019330 critic_loss=283.895200 search=1.000 coverage=0.902 collisions=124.0
epoch=138 phase=dense reward=-614.745 actor_loss=-0.020348 critic_loss=197.903620 search=0.800 coverage=0.860 collisions=107.0
epoch=139 phase=dense reward=-362.576 actor_loss=-0.015461 critic_loss=266.079605 search=0.900 coverage=0.998 collisions=73.0
epoch=140 phase=dense reward=-953.361 actor_loss=-0.017889 critic_loss=844.770824 search=1.000 coverage=0.990 collisions=208.0
epoch=141 phase=dense reward=-887.032 actor_loss=-0.017801 critic_loss=683.064808 search=1.000 coverage=0.975 collisions=213.0
